<?xml version="1.0" encoding="UTF-8"?>
<testsuites>
	<testsuite tests="4" errors="0" failures="0" time="0.007" timestamp="2015-10-09T15:26:09">
		<testcase classname="fizzbuzz" name="returns Fizz if the number is divisible by 3" time="0.004">
		</testcase>
		<testcase classname="fizzbuzz" name="returns Buzz if the number is divisible by 5" time="0">
		</testcase>
		<testcase classname="fizzbuzz" name="returns FizzBuzz if the number is divisible by 3 and 5" time="0.001">
		</testcase>
		<testcase classname="fizzbuzz" name="returns the number if it is not divisible by 3 or 5" time="0">
		</testcase>
	</testsuite>
</testsuites>

